[debug] [2024-09-10T13:00:58.720Z] ----------------------------------------------------------------------
[debug] [2024-09-10T13:00:58.722Z] Command:       C:\Program Files\nodejs\node.exe C:\Users\Owner\AppData\Roaming\npm\node_modules\firebase-tools\lib\bin\firebase.js functions:shell
[debug] [2024-09-10T13:00:58.722Z] CLI Version:   13.11.2
[debug] [2024-09-10T13:00:58.723Z] Platform:      win32
[debug] [2024-09-10T13:00:58.723Z] Node Version:  v18.20.3
[debug] [2024-09-10T13:00:58.724Z] Time:          Tue Sep 10 2024 09:00:58 GMT-0400 (Eastern Daylight Time)
[debug] [2024-09-10T13:00:58.724Z] ----------------------------------------------------------------------
[debug] 
[debug] [2024-09-10T13:00:58.736Z] >>> [apiv2][query] GET https://firebase-public.firebaseio.com/cli.json [none]
[debug] [2024-09-10T13:00:58.856Z] > command requires scopes: ["email","openid","https://www.googleapis.com/auth/cloudplatformprojects.readonly","https://www.googleapis.com/auth/firebase","https://www.googleapis.com/auth/cloud-platform"]
[debug] [2024-09-10T13:00:58.856Z] > authorizing via signed-in user (shane.freed@gmail.com)
[debug] [2024-09-10T13:00:58.856Z] [iam] checking project impactdisciples-a82a8 for permissions ["firebase.projects.get"]
[debug] [2024-09-10T13:00:58.857Z] > refreshing access token with scopes: []
[debug] [2024-09-10T13:00:58.858Z] >>> [apiv2][query] POST https://www.googleapis.com/oauth2/v3/token [none]
[debug] [2024-09-10T13:00:58.858Z] >>> [apiv2][body] POST https://www.googleapis.com/oauth2/v3/token [omitted]
[debug] [2024-09-10T13:00:58.983Z] <<< [apiv2][status] POST https://www.googleapis.com/oauth2/v3/token 200
[debug] [2024-09-10T13:00:58.983Z] <<< [apiv2][body] POST https://www.googleapis.com/oauth2/v3/token [omitted]
[debug] [2024-09-10T13:00:59.001Z] >>> [apiv2][query] POST https://cloudresourcemanager.googleapis.com/v1/projects/impactdisciples-a82a8:testIamPermissions [none]
[debug] [2024-09-10T13:00:59.002Z] >>> [apiv2][(partial)header] POST https://cloudresourcemanager.googleapis.com/v1/projects/impactdisciples-a82a8:testIamPermissions x-goog-quota-user=projects/impactdisciples-a82a8
[debug] [2024-09-10T13:00:59.002Z] >>> [apiv2][body] POST https://cloudresourcemanager.googleapis.com/v1/projects/impactdisciples-a82a8:testIamPermissions {"permissions":["firebase.projects.get"]}
[debug] [2024-09-10T13:00:59.136Z] <<< [apiv2][status] POST https://cloudresourcemanager.googleapis.com/v1/projects/impactdisciples-a82a8:testIamPermissions 200
[debug] [2024-09-10T13:00:59.137Z] <<< [apiv2][body] POST https://cloudresourcemanager.googleapis.com/v1/projects/impactdisciples-a82a8:testIamPermissions {"permissions":["firebase.projects.get"]}
[debug] [2024-09-10T13:00:59.143Z] [functions] Functions Emulator only supports listening on one address (127.0.0.1). Not listening on ::1
[debug] [2024-09-10T13:00:59.146Z] defaultcredentials: writing to file C:\Users\Owner\AppData\Roaming\firebase\shane_freed_gmail.com_application_default_credentials.json
[debug] [2024-09-10T13:00:59.148Z] DEBUG: Setting GAC to C:\Users\Owner\AppData\Roaming\firebase\shane_freed_gmail.com_application_default_credentials.json
[debug] [2024-09-10T13:00:59.148Z] >>> [apiv2][query] GET https://firebase.googleapis.com/v1beta1/projects/impactdisciples-a82a8/adminSdkConfig [none]
[debug] [2024-09-10T13:00:59.485Z] <<< [apiv2][status] GET https://firebase-public.firebaseio.com/cli.json 200
[debug] [2024-09-10T13:00:59.486Z] <<< [apiv2][body] GET https://firebase-public.firebaseio.com/cli.json {"cloudBuildErrorAfter":1594252800000,"cloudBuildWarnAfter":1590019200000,"defaultNode10After":1594252800000,"minVersion":"3.0.5","node8DeploysDisabledAfter":1613390400000,"node8RuntimeDisabledAfter":1615809600000,"node8WarnAfter":1600128000000}
[debug] [2024-09-10T13:00:59.632Z] <<< [apiv2][status] GET https://firebase.googleapis.com/v1beta1/projects/impactdisciples-a82a8/adminSdkConfig 200
[debug] [2024-09-10T13:00:59.632Z] <<< [apiv2][body] GET https://firebase.googleapis.com/v1beta1/projects/impactdisciples-a82a8/adminSdkConfig {"projectId":"impactdisciples-a82a8","storageBucket":"impactdisciples-a82a8.appspot.com","locationId":"us-central"}
[debug] [2024-09-10T13:00:59.654Z] [functions] Watching "C:\web\repo\impactdisciples - admin\functions" for Cloud Functions...
[debug] [2024-09-10T13:00:59.661Z] Validating nodejs source
[warn] !  functions: package.json indicates an outdated version of firebase-functions. Please upgrade using npm install --save firebase-functions@latest in your functions directory. 
[debug] [2024-09-10T13:01:00.491Z] > [functions] package.json contents: {
  "name": "functions",
  "scripts": {
    "lint": "eslint --ext .js,.ts .",
    "build": "tsc",
    "build:watch": "tsc --watch",
    "serve": "npm run build && firebase emulators:start --only functions",
    "shell": "npm run build && firebase functions:shell",
    "start": "npm run shell",
    "deploy": "firebase deploy --only functions",
    "logs": "firebase functions:log"
  },
  "engines": {
    "node": "18"
  },
  "main": "lib/index.js",
  "dependencies": {
    "@angular/fire": "^18.0.1",
    "firebase-admin": "^12.1.0",
    "firebase-functions": "^5.0.0",
    "stripe": "^16.7.0"
  },
  "devDependencies": {
    "@typescript-eslint/eslint-plugin": "^5.12.0",
    "@typescript-eslint/parser": "^5.12.0",
    "eslint": "^8.9.0",
    "eslint-config-google": "^0.14.0",
    "eslint-plugin-import": "^2.25.4",
    "firebase-functions-test": "^3.1.0",
    "typescript": "^4.9.0"
  },
  "private": true
}
[debug] [2024-09-10T13:01:00.491Z] Building nodejs source
[debug] [2024-09-10T13:01:00.491Z] Failed to find version of module node: reached end of search path C:\web\repo\impactdisciples - admin\functions\node_modules
[info] +  functions: Using node@18 from host. 
[debug] [2024-09-10T13:01:00.493Z] Could not find functions.yaml. Must use http discovery
[debug] [2024-09-10T13:01:00.501Z] Found firebase-functions binary at 'C:\web\repo\impactdisciples - admin\functions\node_modules\.bin\firebase-functions'
[info] Serving at port 8515

[debug] [2024-09-10T13:01:07.336Z] Got response from /__/functions.yaml {"endpoints":{"checkout":{"platform":"gcfv1","availableMemoryMb":null,"timeoutSeconds":null,"minInstances":null,"maxInstances":null,"ingressSettings":null,"serviceAccountEmail":null,"vpc":null,"httpsTrigger":{},"entryPoint":"checkout"},"notifications":{"availableMemoryMb":null,"timeoutSeconds":null,"minInstances":null,"maxInstances":null,"ingressSettings":null,"concurrency":null,"serviceAccountEmail":null,"vpc":null,"platform":"gcfv2","labels":{},"callableTrigger":{},"entryPoint":"notifications"}},"specVersion":"v1alpha1","requiredAPIs":[]}
[debug] [2024-09-10T13:01:07.362Z] [functions] Loaded functions definitions from source: checkout, notifications.
[debug] [2024-09-10T13:01:07.362Z] [functions[us-central1-checkout]] http function initialized (http://127.0.0.1:5000/impactdisciples-a82a8/us-central1/checkout).
[debug] [2024-09-10T13:01:07.363Z] [functions[us-central1-notifications]] http function initialized (http://127.0.0.1:5000/impactdisciples-a82a8/us-central1/notifications).
[info] i  functions: Loaded functions: checkout, notifications 
[warn] !  functions: The following emulators are not running, calls to these services will affect production: firestore, database, pubsub, storage, eventarc 
